
[INFO] 18:56:03:908 CLIENT/(9680:9680): Hola! Soy un log
[INFO] 18:56:03:909 CLIENT/(9680:9680): valor
[INFO] 19:43:54:279 CLIENT/(10098:10098): Hola! Soy un log
[INFO] 19:43:54:280 CLIENT/(10098:10098): valor
[INFO] 19:47:21:141 CLIENT/(10519:10519): Hola! Soy un log
[INFO] 19:47:21:143 CLIENT/(10519:10519): valor
[INFO] 19:48:44:753 CLIENT/(10824:10824): Hola! Soy un log
[INFO] 19:48:44:755 CLIENT/(10824:10824): valor
[INFO] 19:49:06:578 CLIENT/(11040:11040): Hola! Soy un log
[INFO] 19:49:06:579 CLIENT/(11040:11040): valor
[INFO] 19:49:55:969 CLIENT/(11212:11212): Hola! Soy un log
[INFO] 19:49:55:981 CLIENT/(11212:11212): valor
[INFO] 19:56:18:290 CLIENT/(11707:11707): Hola! Soy un log
[INFO] 19:56:18:291 CLIENT/(11707:11707): valor
[INFO] 19:57:18:049 CLIENT/(11916:11916): Hola! Soy un log
[INFO] 19:57:18:051 CLIENT/(11916:11916): valor
[INFO] 20:01:04:280 CLIENT/(12435:12435): Hola! Soy un log
[INFO] 20:01:04:281 CLIENT/(12435:12435): valor
[INFO] 20:01:56:739 CLIENT/(12687:12687): Hola! Soy un log
[INFO] 20:01:56:740 CLIENT/(12687:12687): valor
[INFO] 20:08:23:439 CLIENT/(13468:13468): Hola! Soy un log
[INFO] 20:08:23:440 CLIENT/(13468:13468): valor
[INFO] 20:08:27:498 CLIENT/(13468:13468): hola
[INFO] 20:08:30:389 CLIENT/(13468:13468): como va
[INFO] 20:08:32:155 CLIENT/(13468:13468): todo bien
[INFO] 14:56:18:297 CLIENT/(2609:2609): Hola! Soy un log
[INFO] 14:56:18:299 CLIENT/(2609:2609): valor
[INFO] 14:56:42:799 CLIENT/(2742:2742): Hola! Soy un log
[INFO] 14:56:42:800 CLIENT/(2742:2742): valor
[INFO] 14:57:16:168 CLIENT/(2742:2742): holholajho
[INFO] 14:57:18:638 CLIENT/(2742:2742): hola
[INFO] 14:57:21:724 CLIENT/(2742:2742): todo bien
[INFO] 15:59:09:108 CLIENT/(6372:6372): Hola! Soy un log
[INFO] 15:59:09:110 CLIENT/(6372:6372): valor
[INFO] 15:59:21:197 CLIENT/(6372:6372): entrada1
[INFO] 15:59:25:207 CLIENT/(6372:6372): entrada2
[INFO] 15:59:27:214 CLIENT/(6372:6372): entrada3
[INFO] 16:37:08:000 CLIENT/(7992:7992): Hola! Soy un log
[INFO] 16:37:08:001 CLIENT/(7992:7992): valor
[INFO] 16:52:17:015 CLIENT/(9023:9023): Hola! Soy un log
[INFO] 16:52:17:016 CLIENT/(9023:9023): valor
[INFO] 17:20:17:764 CLIENT/(10529:10529): Hola! Soy un log
[INFO] 17:20:17:765 CLIENT/(10529:10529): valor
[INFO] 17:21:56:119 CLIENT/(11017:11017): Hola! Soy un log
[INFO] 17:21:56:120 CLIENT/(11017:11017): valor
[INFO] 17:29:51:215 CLIENT/(11583:11583): Hola! Soy un log
[INFO] 17:29:51:216 CLIENT/(11583:11583): valor
[INFO] 17:54:25:314 CLIENT/(13097:13097): Hola! Soy un log
[INFO] 17:54:25:315 CLIENT/(13097:13097): valor
[INFO] 17:55:09:225 CLIENT/(13097:13097): holaa
[INFO] 18:15:53:381 CLIENT/(14089:14089): Hola! Soy un log
[INFO] 18:15:53:382 CLIENT/(14089:14089): valor
[INFO] 18:15:58:896 CLIENT/(14089:14089): hola
[INFO] 18:16:00:592 CLIENT/(14089:14089): Handshake realizado con exito 

[INFO] 18:16:00:592 CLIENT/(14089:14089): Mensaje enviado 

[INFO] 18:19:05:026 CLIENT/(14502:14502): Hola! Soy un log
[INFO] 18:19:05:033 CLIENT/(14502:14502): valor
[INFO] 18:19:10:303 CLIENT/(14502:14502): nada
[INFO] 18:19:11:050 CLIENT/(14502:14502): Handshake realizado con exito 

[INFO] 18:19:11:050 CLIENT/(14502:14502): Mensaje enviado 

